# JRE version: OpenJDK Runtime Environment (23.0.2+7) (build 23.0.2+7-58)
# Java VM: OpenJDK 64-Bit Server VM (23.0.2+7-58, mixed mode, emulated-client, sharing, tiered, compressed oops, compressed class ptrs, g1 gc, windows-amd64)
GC Precious Log:
 CardTable entry size: 512
 Card Set container configuration: InlinePtr #cards 4 size 8 Array Of Cards #cards 16 size 48 Howl #buckets 8 coarsen threshold 3686 Howl Bitmap #cards 512 size 80 coarsen threshold 460 Card regions per heap region 1 cards per card region 4096
 CPUs: 8 total, 8 available
 Memory: 16267M
 Large Page Support: Disabled
 NUMA Support: Disabled
 Compressed Oops: Enabled (Zero based)
 Heap Region Size: 2M
 Heap Min Capacity: 8M
 Heap Initial Capacity: 256M
 Heap Max Capacity: 4068M
 Pre-touch: Disabled
 Parallel Workers: 8
 Concurrent Workers: 2
 Concurrent Refinement Workers: 8
 Periodic GC: Disabled
Heap:
 garbage-first heap   total reserved 4165632K, committed 81920K, used 25299K [0x0000000701c00000, 0x0000000800000000)
  region size 2048K, 5 young (10240K), 2 survivors (4096K)
 Metaspace       used 36566K, committed 37120K, reserved 1114112K
  class space    used 5258K, committed 5504K, reserved 1048576K
GC Heap History (16 events):
Event: 0.818 GC heap before
{Heap before GC invocations=0 (full 0):
 garbage-first heap   total reserved 4165632K, committed 262144K, used 22528K [0x0000000701c00000, 0x0000000800000000)
  region size 2048K, 12 young (24576K), 0 survivors (0K)
 Metaspace       used 6911K, committed 7168K, reserved 1114112K
  class space    used 891K, committed 1024K, reserved 1048576K
}
Event: 0.824 GC heap after
{Heap after GC invocations=1 (full 0):
 garbage-first heap   total reserved 4165632K, committed 262144K, used 8032K [0x0000000701c00000, 0x0000000800000000)
  region size 2048K, 2 young (4096K), 2 survivors (4096K)
 Metaspace       used 6911K, committed 7168K, reserved 1114112K
  class space    used 891K, committed 1024K, reserved 1048576K
}
Event: 1.249 GC heap before
{Heap before GC invocations=1 (full 0):
 garbage-first heap   total reserved 4165632K, committed 262144K, used 28512K [0x0000000701c00000, 0x0000000800000000)
  region size 2048K, 12 young (24576K), 2 survivors (4096K)
 Metaspace       used 11750K, committed 12160K, reserved 1114112K
  class space    used 1688K, committed 1856K, reserved 1048576K
}
Event: 1.254 GC heap after
{Heap after GC invocations=2 (full 0):
 garbage-first heap   total reserved 4165632K, committed 262144K, used 10228K [0x0000000701c00000, 0x0000000800000000)
  region size 2048K, 2 young (4096K), 2 survivors (4096K)
 Metaspace       used 11750K, committed 12160K, reserved 1114112K
  class space    used 1688K, committed 1856K, reserved 1048576K
}
Event: 1.677 GC heap before
{Heap before GC invocations=2 (full 0):
 garbage-first heap   total reserved 4165632K, committed 262144K, used 47092K [0x0000000701c00000, 0x0000000800000000)
  region size 2048K, 22 young (45056K), 2 survivors (4096K)
 Metaspace       used 21096K, committed 21504K, reserved 1114112K
  class space    used 2882K, committed 3072K, reserved 1048576K
}
Event: 1.682 GC heap after
{Heap after GC invocations=3 (full 0):
 garbage-first heap   total reserved 4165632K, committed 262144K, used 13774K [0x0000000701c00000, 0x0000000800000000)
  region size 2048K, 3 young (6144K), 3 survivors (6144K)
 Metaspace       used 21096K, committed 21504K, reserved 1114112K
  class space    used 2882K, committed 3072K, reserved 1048576K
}
Event: 2.035 GC heap before
{Heap before GC invocations=4 (full 0):
 garbage-first heap   total reserved 4165632K, committed 49152K, used 36302K [0x0000000701c00000, 0x0000000800000000)
  region size 2048K, 14 young (28672K), 3 survivors (6144K)
 Metaspace       used 22787K, committed 23232K, reserved 1114112K
  class space    used 3151K, committed 3328K, reserved 1048576K
}
Event: 2.042 GC heap after
{Heap after GC invocations=5 (full 0):
 garbage-first heap   total reserved 4165632K, committed 49152K, used 15274K [0x0000000701c00000, 0x0000000800000000)
  region size 2048K, 1 young (2048K), 1 survivors (2048K)
 Metaspace       used 22787K, committed 23232K, reserved 1114112K
  class space    used 3151K, committed 3328K, reserved 1048576K
}
Event: 2.412 GC heap before
{Heap before GC invocations=5 (full 0):
 garbage-first heap   total reserved 4165632K, committed 49152K, used 35754K [0x0000000701c00000, 0x0000000800000000)
  region size 2048K, 11 young (22528K), 1 survivors (2048K)
 Metaspace       used 25475K, committed 25856K, reserved 1114112K
  class space    used 3569K, committed 3712K, reserved 1048576K
}
Event: 2.417 GC heap after
{Heap after GC invocations=6 (full 0):
 garbage-first heap   total reserved 4165632K, committed 49152K, used 16774K [0x0000000701c00000, 0x0000000800000000)
  region size 2048K, 2 young (4096K), 2 survivors (4096K)
 Metaspace       used 25475K, committed 25856K, reserved 1114112K
  class space    used 3569K, committed 3712K, reserved 1048576K
}
Event: 2.776 GC heap before
{Heap before GC invocations=6 (full 0):
 garbage-first heap   total reserved 4165632K, committed 49152K, used 35206K [0x0000000701c00000, 0x0000000800000000)
  region size 2048K, 12 young (24576K), 2 survivors (4096K)
 Metaspace       used 28879K, committed 29440K, reserved 1114112K
  class space    used 4120K, committed 4352K, reserved 1048576K
}
Event: 2.791 GC heap after
{Heap after GC invocations=7 (full 0):
 garbage-first heap   total reserved 4165632K, committed 49152K, used 18809K [0x0000000701c00000, 0x0000000800000000)
  region size 2048K, 2 young (4096K), 2 survivors (4096K)
 Metaspace       used 28879K, committed 29440K, reserved 1114112K
  class space    used 4120K, committed 4352K, reserved 1048576K
}
Event: 3.168 GC heap before
{Heap before GC invocations=7 (full 0):
 garbage-first heap   total reserved 4165632K, committed 49152K, used 35193K [0x0000000701c00000, 0x0000000800000000)
  region size 2048K, 11 young (22528K), 2 survivors (4096K)
 Metaspace       used 32255K, committed 32832K, reserved 1114112K
  class space    used 4544K, committed 4800K, reserved 1048576K
}
Event: 3.173 GC heap after
{Heap after GC invocations=8 (full 0):
 garbage-first heap   total reserved 4165632K, committed 155648K, used 20657K [0x0000000701c00000, 0x0000000800000000)
  region size 2048K, 1 young (2048K), 1 survivors (2048K)
 Metaspace       used 32255K, committed 32832K, reserved 1114112K
  class space    used 4544K, committed 4800K, reserved 1048576K
}
Event: 3.437 GC heap before
{Heap before GC invocations=8 (full 0):
 garbage-first heap   total reserved 4165632K, committed 155648K, used 32945K [0x0000000701c00000, 0x0000000800000000)
  region size 2048K, 8 young (16384K), 1 survivors (2048K)
 Metaspace       used 35547K, committed 36096K, reserved 1114112K
  class space    used 5068K, committed 5312K, reserved 1048576K
}
Event: 3.441 GC heap after
{Heap after GC invocations=9 (full 0):
 garbage-first heap   total reserved 4165632K, committed 155648K, used 21203K [0x0000000701c00000, 0x0000000800000000)
  region size 2048K, 2 young (4096K), 2 survivors (4096K)
 Metaspace       used 35547K, committed 36096K, reserved 1114112K
  class space    used 5068K, committed 5312K, reserved 1048576K
}

